[2025-04-06 08:48:35,269] {taskinstance.py:1179} INFO - Dependencies all met for <TaskInstance: Lead_scoring_inference_pipeline.checking_input_features manual__2025-04-06T08:48:28.339280+00:00 [queued]>
[2025-04-06 08:48:35,273] {taskinstance.py:1179} INFO - Dependencies all met for <TaskInstance: Lead_scoring_inference_pipeline.checking_input_features manual__2025-04-06T08:48:28.339280+00:00 [queued]>
[2025-04-06 08:48:35,273] {taskinstance.py:1376} INFO - 
--------------------------------------------------------------------------------
[2025-04-06 08:48:35,274] {taskinstance.py:1377} INFO - Starting attempt 1 of 2
[2025-04-06 08:48:35,274] {taskinstance.py:1378} INFO - 
--------------------------------------------------------------------------------
[2025-04-06 08:48:35,292] {taskinstance.py:1397} INFO - Executing <Task(PythonOperator): checking_input_features> on 2025-04-06 08:48:28.339280+00:00
[2025-04-06 08:48:35,298] {standard_task_runner.py:52} INFO - Started process 20767 to run task
[2025-04-06 08:48:35,300] {standard_task_runner.py:79} INFO - Running: ['airflow', 'tasks', 'run', 'Lead_scoring_inference_pipeline', 'checking_input_features', 'manual__2025-04-06T08:48:28.339280+00:00', '--job-id', '65', '--raw', '--subdir', 'DAGS_FOLDER/Lead_scoring_inference_pipeline/lead_scoring_inference_pipeline.py', '--cfg-path', '/tmp/tmp0296bzg_', '--error-file', '/tmp/tmpc1wcqwnf']
[2025-04-06 08:48:35,301] {standard_task_runner.py:80} INFO - Job 65: Subtask checking_input_features
[2025-04-06 08:48:35,341] {task_command.py:371} INFO - Running <TaskInstance: Lead_scoring_inference_pipeline.checking_input_features manual__2025-04-06T08:48:28.339280+00:00 [running]> on host c6537eab7989
[2025-04-06 08:48:35,498] {taskinstance.py:1589} INFO - Exporting the following env vars:
AIRFLOW_CTX_DAG_OWNER=airflow
AIRFLOW_CTX_DAG_ID=Lead_scoring_inference_pipeline
AIRFLOW_CTX_TASK_ID=checking_input_features
AIRFLOW_CTX_EXECUTION_DATE=2025-04-06T08:48:28.339280+00:00
AIRFLOW_CTX_TRY_NUMBER=1
AIRFLOW_CTX_DAG_RUN_ID=manual__2025-04-06T08:48:28.339280+00:00
[2025-04-06 08:48:35,858] {logging_mixin.py:115} INFO - All the models input are present
[2025-04-06 08:48:35,859] {python.py:173} INFO - Done. Returned value was: None
[2025-04-06 08:48:35,865] {taskinstance.py:1415} INFO - Marking task as SUCCESS. dag_id=Lead_scoring_inference_pipeline, task_id=checking_input_features, execution_date=20250406T084828, start_date=20250406T084835, end_date=20250406T084835
[2025-04-06 08:48:35,914] {local_task_job.py:156} INFO - Task exited with return code 0
[2025-04-06 08:48:35,984] {local_task_job.py:273} INFO - 1 downstream tasks scheduled from follow-on schedule check
