[2025-04-06 08:21:31,085] {taskinstance.py:1179} INFO - Dependencies all met for <TaskInstance: Lead_scoring_inference_pipeline.encoding_categorical_variables manual__2025-04-06T08:21:26.996674+00:00 [queued]>
[2025-04-06 08:21:31,090] {taskinstance.py:1179} INFO - Dependencies all met for <TaskInstance: Lead_scoring_inference_pipeline.encoding_categorical_variables manual__2025-04-06T08:21:26.996674+00:00 [queued]>
[2025-04-06 08:21:31,090] {taskinstance.py:1376} INFO - 
--------------------------------------------------------------------------------
[2025-04-06 08:21:31,090] {taskinstance.py:1377} INFO - Starting attempt 1 of 2
[2025-04-06 08:21:31,090] {taskinstance.py:1378} INFO - 
--------------------------------------------------------------------------------
[2025-04-06 08:21:31,111] {taskinstance.py:1397} INFO - Executing <Task(PythonOperator): encoding_categorical_variables> on 2025-04-06 08:21:26.996674+00:00
[2025-04-06 08:21:31,116] {standard_task_runner.py:52} INFO - Started process 17289 to run task
[2025-04-06 08:21:31,119] {standard_task_runner.py:79} INFO - Running: ['airflow', 'tasks', 'run', 'Lead_scoring_inference_pipeline', 'encoding_categorical_variables', 'manual__2025-04-06T08:21:26.996674+00:00', '--job-id', '53', '--raw', '--subdir', 'DAGS_FOLDER/Lead_scoring_inference_pipeline/lead_scoring_inference_pipeline.py', '--cfg-path', '/tmp/tmpoyhr76xj', '--error-file', '/tmp/tmpuedwuets']
[2025-04-06 08:21:31,120] {standard_task_runner.py:80} INFO - Job 53: Subtask encoding_categorical_variables
[2025-04-06 08:21:31,167] {task_command.py:371} INFO - Running <TaskInstance: Lead_scoring_inference_pipeline.encoding_categorical_variables manual__2025-04-06T08:21:26.996674+00:00 [running]> on host c6537eab7989
[2025-04-06 08:21:31,350] {taskinstance.py:1589} INFO - Exporting the following env vars:
AIRFLOW_CTX_DAG_OWNER=airflow
AIRFLOW_CTX_DAG_ID=Lead_scoring_inference_pipeline
AIRFLOW_CTX_TASK_ID=encoding_categorical_variables
AIRFLOW_CTX_EXECUTION_DATE=2025-04-06T08:21:26.996674+00:00
AIRFLOW_CTX_TRY_NUMBER=1
AIRFLOW_CTX_DAG_RUN_ID=manual__2025-04-06T08:21:26.996674+00:00
[2025-04-06 08:21:35,801] {python.py:173} INFO - Done. Returned value was: None
[2025-04-06 08:21:35,807] {taskinstance.py:1415} INFO - Marking task as SUCCESS. dag_id=Lead_scoring_inference_pipeline, task_id=encoding_categorical_variables, execution_date=20250406T082126, start_date=20250406T082131, end_date=20250406T082135
[2025-04-06 08:21:35,869] {local_task_job.py:156} INFO - Task exited with return code 0
[2025-04-06 08:21:35,943] {local_task_job.py:273} INFO - 1 downstream tasks scheduled from follow-on schedule check
