[2025-04-06 06:50:01,681] {taskinstance.py:1179} INFO - Dependencies all met for <TaskInstance: Lead_scoring_training_pipeline.encoding_categorical_variables manual__2025-04-06T06:49:57.553635+00:00 [queued]>
[2025-04-06 06:50:01,685] {taskinstance.py:1179} INFO - Dependencies all met for <TaskInstance: Lead_scoring_training_pipeline.encoding_categorical_variables manual__2025-04-06T06:49:57.553635+00:00 [queued]>
[2025-04-06 06:50:01,686] {taskinstance.py:1376} INFO - 
--------------------------------------------------------------------------------
[2025-04-06 06:50:01,686] {taskinstance.py:1377} INFO - Starting attempt 1 of 2
[2025-04-06 06:50:01,686] {taskinstance.py:1378} INFO - 
--------------------------------------------------------------------------------
[2025-04-06 06:50:01,705] {taskinstance.py:1397} INFO - Executing <Task(PythonOperator): encoding_categorical_variables> on 2025-04-06 06:49:57.553635+00:00
[2025-04-06 06:50:01,714] {standard_task_runner.py:52} INFO - Started process 3732 to run task
[2025-04-06 06:50:01,717] {standard_task_runner.py:79} INFO - Running: ['airflow', 'tasks', 'run', 'Lead_scoring_training_pipeline', 'encoding_categorical_variables', 'manual__2025-04-06T06:49:57.553635+00:00', '--job-id', '31', '--raw', '--subdir', 'DAGS_FOLDER/Lead_scoring_training_pipeline/lead_scoring_training_pipeline.py', '--cfg-path', '/tmp/tmp2dv1ufsw', '--error-file', '/tmp/tmpho21gdz2']
[2025-04-06 06:50:01,717] {standard_task_runner.py:80} INFO - Job 31: Subtask encoding_categorical_variables
[2025-04-06 06:50:01,760] {task_command.py:371} INFO - Running <TaskInstance: Lead_scoring_training_pipeline.encoding_categorical_variables manual__2025-04-06T06:49:57.553635+00:00 [running]> on host c6537eab7989
[2025-04-06 06:50:01,814] {taskinstance.py:1589} INFO - Exporting the following env vars:
AIRFLOW_CTX_DAG_OWNER=airflow
AIRFLOW_CTX_DAG_ID=Lead_scoring_training_pipeline
AIRFLOW_CTX_TASK_ID=encoding_categorical_variables
AIRFLOW_CTX_EXECUTION_DATE=2025-04-06T06:49:57.553635+00:00
AIRFLOW_CTX_TRY_NUMBER=1
AIRFLOW_CTX_DAG_RUN_ID=manual__2025-04-06T06:49:57.553635+00:00
[2025-04-06 06:50:06,398] {python.py:173} INFO - Done. Returned value was: None
[2025-04-06 06:50:06,403] {taskinstance.py:1415} INFO - Marking task as SUCCESS. dag_id=Lead_scoring_training_pipeline, task_id=encoding_categorical_variables, execution_date=20250406T064957, start_date=20250406T065001, end_date=20250406T065006
[2025-04-06 06:50:06,467] {local_task_job.py:156} INFO - Task exited with return code 0
[2025-04-06 06:50:06,530] {local_task_job.py:273} INFO - 1 downstream tasks scheduled from follow-on schedule check
