[2025-04-06 09:00:03,879] {taskinstance.py:1179} INFO - Dependencies all met for <TaskInstance: Lead_scoring_inference_pipeline.encoding_categorical_variables scheduled__2025-04-06T08:00:00+00:00 [queued]>
[2025-04-06 09:00:03,883] {taskinstance.py:1179} INFO - Dependencies all met for <TaskInstance: Lead_scoring_inference_pipeline.encoding_categorical_variables scheduled__2025-04-06T08:00:00+00:00 [queued]>
[2025-04-06 09:00:03,883] {taskinstance.py:1376} INFO - 
--------------------------------------------------------------------------------
[2025-04-06 09:00:03,884] {taskinstance.py:1377} INFO - Starting attempt 1 of 2
[2025-04-06 09:00:03,884] {taskinstance.py:1378} INFO - 
--------------------------------------------------------------------------------
[2025-04-06 09:00:03,904] {taskinstance.py:1397} INFO - Executing <Task(PythonOperator): encoding_categorical_variables> on 2025-04-06 08:00:00+00:00
[2025-04-06 09:00:03,909] {standard_task_runner.py:52} INFO - Started process 22376 to run task
[2025-04-06 09:00:03,912] {standard_task_runner.py:79} INFO - Running: ['airflow', 'tasks', 'run', 'Lead_scoring_inference_pipeline', 'encoding_categorical_variables', 'scheduled__2025-04-06T08:00:00+00:00', '--job-id', '68', '--raw', '--subdir', 'DAGS_FOLDER/Lead_scoring_inference_pipeline/.ipynb_checkpoints/lead_scoring_inference_pipeline-checkpoint.py', '--cfg-path', '/tmp/tmp8d2iv95a', '--error-file', '/tmp/tmpn4s32gq6']
[2025-04-06 09:00:03,913] {standard_task_runner.py:80} INFO - Job 68: Subtask encoding_categorical_variables
[2025-04-06 09:00:03,954] {task_command.py:371} INFO - Running <TaskInstance: Lead_scoring_inference_pipeline.encoding_categorical_variables scheduled__2025-04-06T08:00:00+00:00 [running]> on host c6537eab7989
[2025-04-06 09:00:04,111] {taskinstance.py:1589} INFO - Exporting the following env vars:
AIRFLOW_CTX_DAG_OWNER=airflow
AIRFLOW_CTX_DAG_ID=Lead_scoring_inference_pipeline
AIRFLOW_CTX_TASK_ID=encoding_categorical_variables
AIRFLOW_CTX_EXECUTION_DATE=2025-04-06T08:00:00+00:00
AIRFLOW_CTX_TRY_NUMBER=1
AIRFLOW_CTX_DAG_RUN_ID=scheduled__2025-04-06T08:00:00+00:00
[2025-04-06 09:00:04,688] {python.py:173} INFO - Done. Returned value was: None
[2025-04-06 09:00:04,696] {taskinstance.py:1415} INFO - Marking task as SUCCESS. dag_id=Lead_scoring_inference_pipeline, task_id=encoding_categorical_variables, execution_date=20250406T080000, start_date=20250406T090003, end_date=20250406T090004
[2025-04-06 09:00:04,766] {local_task_job.py:156} INFO - Task exited with return code 0
[2025-04-06 09:00:04,840] {local_task_job.py:273} INFO - 1 downstream tasks scheduled from follow-on schedule check
