[2025-04-06 08:47:45,112] {taskinstance.py:1179} INFO - Dependencies all met for <TaskInstance: Lead_Scoring_Data_Engineering_Pipeline.checking_model_inputs_schema manual__2025-04-06T08:47:20.760699+00:00 [queued]>
[2025-04-06 08:47:45,117] {taskinstance.py:1179} INFO - Dependencies all met for <TaskInstance: Lead_Scoring_Data_Engineering_Pipeline.checking_model_inputs_schema manual__2025-04-06T08:47:20.760699+00:00 [queued]>
[2025-04-06 08:47:45,117] {taskinstance.py:1376} INFO - 
--------------------------------------------------------------------------------
[2025-04-06 08:47:45,118] {taskinstance.py:1377} INFO - Starting attempt 1 of 2
[2025-04-06 08:47:45,118] {taskinstance.py:1378} INFO - 
--------------------------------------------------------------------------------
[2025-04-06 08:47:45,135] {taskinstance.py:1397} INFO - Executing <Task(PythonOperator): checking_model_inputs_schema> on 2025-04-06 08:47:20.760699+00:00
[2025-04-06 08:47:45,139] {standard_task_runner.py:52} INFO - Started process 20643 to run task
[2025-04-06 08:47:45,142] {standard_task_runner.py:79} INFO - Running: ['airflow', 'tasks', 'run', 'Lead_Scoring_Data_Engineering_Pipeline', 'checking_model_inputs_schema', 'manual__2025-04-06T08:47:20.760699+00:00', '--job-id', '63', '--raw', '--subdir', 'DAGS_FOLDER/Lead_scoring_data_pipeline/.ipynb_checkpoints/lead_scoring_data_pipeline-checkpoint.py', '--cfg-path', '/tmp/tmpg52poetk', '--error-file', '/tmp/tmp86d8x3bv']
[2025-04-06 08:47:45,143] {standard_task_runner.py:80} INFO - Job 63: Subtask checking_model_inputs_schema
[2025-04-06 08:47:45,183] {task_command.py:371} INFO - Running <TaskInstance: Lead_Scoring_Data_Engineering_Pipeline.checking_model_inputs_schema manual__2025-04-06T08:47:20.760699+00:00 [running]> on host c6537eab7989
[2025-04-06 08:47:45,237] {taskinstance.py:1589} INFO - Exporting the following env vars:
AIRFLOW_CTX_DAG_OWNER=airflow
AIRFLOW_CTX_DAG_ID=Lead_Scoring_Data_Engineering_Pipeline
AIRFLOW_CTX_TASK_ID=checking_model_inputs_schema
AIRFLOW_CTX_EXECUTION_DATE=2025-04-06T08:47:20.760699+00:00
AIRFLOW_CTX_TRY_NUMBER=1
AIRFLOW_CTX_DAG_RUN_ID=manual__2025-04-06T08:47:20.760699+00:00
[2025-04-06 08:47:45,289] {logging_mixin.py:115} INFO - Models input schema is NOT in line with the schema present in schema.py
[2025-04-06 08:47:45,289] {logging_mixin.py:115} INFO - {'city_tier', 'first_utm_source_c', 'first_platform_c', 'first_utm_medium_c', 'total_leads_droppped', 'referred_lead'}
[2025-04-06 08:47:45,289] {logging_mixin.py:115} INFO - {'city_tier', 'first_utm_source_c', 'first_platform_c', 'app_complete_flag', 'first_utm_medium_c', 'total_leads_droppped', 'referred_lead'}
[2025-04-06 08:47:45,291] {python.py:173} INFO - Done. Returned value was: None
[2025-04-06 08:47:45,296] {taskinstance.py:1415} INFO - Marking task as SUCCESS. dag_id=Lead_Scoring_Data_Engineering_Pipeline, task_id=checking_model_inputs_schema, execution_date=20250406T084720, start_date=20250406T084745, end_date=20250406T084745
[2025-04-06 08:47:45,354] {local_task_job.py:156} INFO - Task exited with return code 0
[2025-04-06 08:47:45,387] {local_task_job.py:273} INFO - 0 downstream tasks scheduled from follow-on schedule check
