[2025-04-06 06:32:26,298] {taskinstance.py:1179} INFO - Dependencies all met for <TaskInstance: Lead_Scoring_Data_Engineering_Pipeline.mapping_city_tier scheduled__2025-04-05T00:00:00+00:00 [queued]>
[2025-04-06 06:32:26,303] {taskinstance.py:1179} INFO - Dependencies all met for <TaskInstance: Lead_Scoring_Data_Engineering_Pipeline.mapping_city_tier scheduled__2025-04-05T00:00:00+00:00 [queued]>
[2025-04-06 06:32:26,303] {taskinstance.py:1376} INFO - 
--------------------------------------------------------------------------------
[2025-04-06 06:32:26,304] {taskinstance.py:1377} INFO - Starting attempt 1 of 2
[2025-04-06 06:32:26,304] {taskinstance.py:1378} INFO - 
--------------------------------------------------------------------------------
[2025-04-06 06:32:26,322] {taskinstance.py:1397} INFO - Executing <Task(PythonOperator): mapping_city_tier> on 2025-04-05 00:00:00+00:00
[2025-04-06 06:32:26,326] {standard_task_runner.py:52} INFO - Started process 1496 to run task
[2025-04-06 06:32:26,331] {standard_task_runner.py:79} INFO - Running: ['airflow', 'tasks', 'run', 'Lead_Scoring_Data_Engineering_Pipeline', 'mapping_city_tier', 'scheduled__2025-04-05T00:00:00+00:00', '--job-id', '17', '--raw', '--subdir', 'DAGS_FOLDER/Lead_scoring_data_pipeline/lead_scoring_data_pipeline.py', '--cfg-path', '/tmp/tmpfltu8oev', '--error-file', '/tmp/tmpgz0bqu3b']
[2025-04-06 06:32:26,332] {standard_task_runner.py:80} INFO - Job 17: Subtask mapping_city_tier
[2025-04-06 06:32:26,381] {task_command.py:371} INFO - Running <TaskInstance: Lead_Scoring_Data_Engineering_Pipeline.mapping_city_tier scheduled__2025-04-05T00:00:00+00:00 [running]> on host c6537eab7989
[2025-04-06 06:32:26,439] {taskinstance.py:1589} INFO - Exporting the following env vars:
AIRFLOW_CTX_DAG_OWNER=airflow
AIRFLOW_CTX_DAG_ID=Lead_Scoring_Data_Engineering_Pipeline
AIRFLOW_CTX_TASK_ID=mapping_city_tier
AIRFLOW_CTX_EXECUTION_DATE=2025-04-05T00:00:00+00:00
AIRFLOW_CTX_TRY_NUMBER=1
AIRFLOW_CTX_DAG_RUN_ID=scheduled__2025-04-05T00:00:00+00:00
[2025-04-06 06:32:38,133] {python.py:173} INFO - Done. Returned value was: None
[2025-04-06 06:32:38,139] {taskinstance.py:1415} INFO - Marking task as SUCCESS. dag_id=Lead_Scoring_Data_Engineering_Pipeline, task_id=mapping_city_tier, execution_date=20250405T000000, start_date=20250406T063226, end_date=20250406T063238
[2025-04-06 06:32:38,199] {local_task_job.py:156} INFO - Task exited with return code 0
[2025-04-06 06:32:38,263] {local_task_job.py:273} INFO - 1 downstream tasks scheduled from follow-on schedule check
