[2025-04-06 08:48:31,776] {taskinstance.py:1179} INFO - Dependencies all met for <TaskInstance: Lead_scoring_inference_pipeline.encoding_categorical_variables manual__2025-04-06T08:48:28.339280+00:00 [queued]>
[2025-04-06 08:48:31,781] {taskinstance.py:1179} INFO - Dependencies all met for <TaskInstance: Lead_scoring_inference_pipeline.encoding_categorical_variables manual__2025-04-06T08:48:28.339280+00:00 [queued]>
[2025-04-06 08:48:31,781] {taskinstance.py:1376} INFO - 
--------------------------------------------------------------------------------
[2025-04-06 08:48:31,781] {taskinstance.py:1377} INFO - Starting attempt 1 of 2
[2025-04-06 08:48:31,781] {taskinstance.py:1378} INFO - 
--------------------------------------------------------------------------------
[2025-04-06 08:48:31,802] {taskinstance.py:1397} INFO - Executing <Task(PythonOperator): encoding_categorical_variables> on 2025-04-06 08:48:28.339280+00:00
[2025-04-06 08:48:31,807] {standard_task_runner.py:52} INFO - Started process 20749 to run task
[2025-04-06 08:48:31,811] {standard_task_runner.py:79} INFO - Running: ['airflow', 'tasks', 'run', 'Lead_scoring_inference_pipeline', 'encoding_categorical_variables', 'manual__2025-04-06T08:48:28.339280+00:00', '--job-id', '64', '--raw', '--subdir', 'DAGS_FOLDER/Lead_scoring_inference_pipeline/lead_scoring_inference_pipeline.py', '--cfg-path', '/tmp/tmp0w6axe62', '--error-file', '/tmp/tmp7yi0m0d4']
[2025-04-06 08:48:31,812] {standard_task_runner.py:80} INFO - Job 64: Subtask encoding_categorical_variables
[2025-04-06 08:48:31,860] {task_command.py:371} INFO - Running <TaskInstance: Lead_scoring_inference_pipeline.encoding_categorical_variables manual__2025-04-06T08:48:28.339280+00:00 [running]> on host c6537eab7989
[2025-04-06 08:48:32,024] {taskinstance.py:1589} INFO - Exporting the following env vars:
AIRFLOW_CTX_DAG_OWNER=airflow
AIRFLOW_CTX_DAG_ID=Lead_scoring_inference_pipeline
AIRFLOW_CTX_TASK_ID=encoding_categorical_variables
AIRFLOW_CTX_EXECUTION_DATE=2025-04-06T08:48:28.339280+00:00
AIRFLOW_CTX_TRY_NUMBER=1
AIRFLOW_CTX_DAG_RUN_ID=manual__2025-04-06T08:48:28.339280+00:00
[2025-04-06 08:48:32,389] {python.py:173} INFO - Done. Returned value was: None
[2025-04-06 08:48:32,394] {taskinstance.py:1415} INFO - Marking task as SUCCESS. dag_id=Lead_scoring_inference_pipeline, task_id=encoding_categorical_variables, execution_date=20250406T084828, start_date=20250406T084831, end_date=20250406T084832
[2025-04-06 08:48:32,424] {local_task_job.py:156} INFO - Task exited with return code 0
[2025-04-06 08:48:32,498] {local_task_job.py:273} INFO - 1 downstream tasks scheduled from follow-on schedule check
