[2025-04-06 09:00:10,925] {taskinstance.py:1179} INFO - Dependencies all met for <TaskInstance: Lead_scoring_inference_pipeline.generating_models_prediction scheduled__2025-04-06T08:00:00+00:00 [queued]>
[2025-04-06 09:00:10,929] {taskinstance.py:1179} INFO - Dependencies all met for <TaskInstance: Lead_scoring_inference_pipeline.generating_models_prediction scheduled__2025-04-06T08:00:00+00:00 [queued]>
[2025-04-06 09:00:10,929] {taskinstance.py:1376} INFO - 
--------------------------------------------------------------------------------
[2025-04-06 09:00:10,929] {taskinstance.py:1377} INFO - Starting attempt 1 of 2
[2025-04-06 09:00:10,929] {taskinstance.py:1378} INFO - 
--------------------------------------------------------------------------------
[2025-04-06 09:00:10,953] {taskinstance.py:1397} INFO - Executing <Task(PythonOperator): generating_models_prediction> on 2025-04-06 08:00:00+00:00
[2025-04-06 09:00:10,958] {standard_task_runner.py:52} INFO - Started process 22412 to run task
[2025-04-06 09:00:10,961] {standard_task_runner.py:79} INFO - Running: ['airflow', 'tasks', 'run', 'Lead_scoring_inference_pipeline', 'generating_models_prediction', 'scheduled__2025-04-06T08:00:00+00:00', '--job-id', '70', '--raw', '--subdir', 'DAGS_FOLDER/Lead_scoring_inference_pipeline/.ipynb_checkpoints/lead_scoring_inference_pipeline-checkpoint.py', '--cfg-path', '/tmp/tmpehpc_m8b', '--error-file', '/tmp/tmprassfcnb']
[2025-04-06 09:00:10,962] {standard_task_runner.py:80} INFO - Job 70: Subtask generating_models_prediction
[2025-04-06 09:00:11,001] {task_command.py:371} INFO - Running <TaskInstance: Lead_scoring_inference_pipeline.generating_models_prediction scheduled__2025-04-06T08:00:00+00:00 [running]> on host c6537eab7989
[2025-04-06 09:00:11,157] {taskinstance.py:1589} INFO - Exporting the following env vars:
AIRFLOW_CTX_DAG_OWNER=airflow
AIRFLOW_CTX_DAG_ID=Lead_scoring_inference_pipeline
AIRFLOW_CTX_TASK_ID=generating_models_prediction
AIRFLOW_CTX_EXECUTION_DATE=2025-04-06T08:00:00+00:00
AIRFLOW_CTX_TRY_NUMBER=1
AIRFLOW_CTX_DAG_RUN_ID=scheduled__2025-04-06T08:00:00+00:00
[2025-04-06 09:00:13,030] {python.py:173} INFO - Done. Returned value was: None
[2025-04-06 09:00:13,035] {taskinstance.py:1415} INFO - Marking task as SUCCESS. dag_id=Lead_scoring_inference_pipeline, task_id=generating_models_prediction, execution_date=20250406T080000, start_date=20250406T090010, end_date=20250406T090013
[2025-04-06 09:00:13,100] {local_task_job.py:156} INFO - Task exited with return code 0
[2025-04-06 09:00:13,160] {local_task_job.py:273} INFO - 1 downstream tasks scheduled from follow-on schedule check
