[2025-04-06 08:47:33,760] {taskinstance.py:1179} INFO - Dependencies all met for <TaskInstance: Lead_Scoring_Data_Engineering_Pipeline.mapping_city_tier manual__2025-04-06T08:47:20.760699+00:00 [queued]>
[2025-04-06 08:47:33,765] {taskinstance.py:1179} INFO - Dependencies all met for <TaskInstance: Lead_Scoring_Data_Engineering_Pipeline.mapping_city_tier manual__2025-04-06T08:47:20.760699+00:00 [queued]>
[2025-04-06 08:47:33,765] {taskinstance.py:1376} INFO - 
--------------------------------------------------------------------------------
[2025-04-06 08:47:33,765] {taskinstance.py:1377} INFO - Starting attempt 1 of 2
[2025-04-06 08:47:33,765] {taskinstance.py:1378} INFO - 
--------------------------------------------------------------------------------
[2025-04-06 08:47:33,783] {taskinstance.py:1397} INFO - Executing <Task(PythonOperator): mapping_city_tier> on 2025-04-06 08:47:20.760699+00:00
[2025-04-06 08:47:33,787] {standard_task_runner.py:52} INFO - Started process 20584 to run task
[2025-04-06 08:47:33,791] {standard_task_runner.py:79} INFO - Running: ['airflow', 'tasks', 'run', 'Lead_Scoring_Data_Engineering_Pipeline', 'mapping_city_tier', 'manual__2025-04-06T08:47:20.760699+00:00', '--job-id', '60', '--raw', '--subdir', 'DAGS_FOLDER/Lead_scoring_data_pipeline/.ipynb_checkpoints/lead_scoring_data_pipeline-checkpoint.py', '--cfg-path', '/tmp/tmpteo8ub7x', '--error-file', '/tmp/tmpienwlxwn']
[2025-04-06 08:47:33,792] {standard_task_runner.py:80} INFO - Job 60: Subtask mapping_city_tier
[2025-04-06 08:47:33,841] {task_command.py:371} INFO - Running <TaskInstance: Lead_Scoring_Data_Engineering_Pipeline.mapping_city_tier manual__2025-04-06T08:47:20.760699+00:00 [running]> on host c6537eab7989
[2025-04-06 08:47:33,896] {taskinstance.py:1589} INFO - Exporting the following env vars:
AIRFLOW_CTX_DAG_OWNER=airflow
AIRFLOW_CTX_DAG_ID=Lead_Scoring_Data_Engineering_Pipeline
AIRFLOW_CTX_TASK_ID=mapping_city_tier
AIRFLOW_CTX_EXECUTION_DATE=2025-04-06T08:47:20.760699+00:00
AIRFLOW_CTX_TRY_NUMBER=1
AIRFLOW_CTX_DAG_RUN_ID=manual__2025-04-06T08:47:20.760699+00:00
[2025-04-06 08:47:34,847] {python.py:173} INFO - Done. Returned value was: None
[2025-04-06 08:47:34,854] {taskinstance.py:1415} INFO - Marking task as SUCCESS. dag_id=Lead_Scoring_Data_Engineering_Pipeline, task_id=mapping_city_tier, execution_date=20250406T084720, start_date=20250406T084733, end_date=20250406T084734
[2025-04-06 08:47:34,885] {local_task_job.py:156} INFO - Task exited with return code 0
[2025-04-06 08:47:34,958] {local_task_job.py:273} INFO - 1 downstream tasks scheduled from follow-on schedule check
