[2025-04-06 06:34:28,659] {taskinstance.py:1179} INFO - Dependencies all met for <TaskInstance: Lead_Scoring_Data_Engineering_Pipeline.checking_model_inputs_schema scheduled__2025-04-05T00:00:00+00:00 [queued]>
[2025-04-06 06:34:28,663] {taskinstance.py:1179} INFO - Dependencies all met for <TaskInstance: Lead_Scoring_Data_Engineering_Pipeline.checking_model_inputs_schema scheduled__2025-04-05T00:00:00+00:00 [queued]>
[2025-04-06 06:34:28,664] {taskinstance.py:1376} INFO - 
--------------------------------------------------------------------------------
[2025-04-06 06:34:28,664] {taskinstance.py:1377} INFO - Starting attempt 1 of 2
[2025-04-06 06:34:28,664] {taskinstance.py:1378} INFO - 
--------------------------------------------------------------------------------
[2025-04-06 06:34:28,684] {taskinstance.py:1397} INFO - Executing <Task(PythonOperator): checking_model_inputs_schema> on 2025-04-05 00:00:00+00:00
[2025-04-06 06:34:28,689] {standard_task_runner.py:52} INFO - Started process 1627 to run task
[2025-04-06 06:34:28,692] {standard_task_runner.py:79} INFO - Running: ['airflow', 'tasks', 'run', 'Lead_Scoring_Data_Engineering_Pipeline', 'checking_model_inputs_schema', 'scheduled__2025-04-05T00:00:00+00:00', '--job-id', '23', '--raw', '--subdir', 'DAGS_FOLDER/Lead_scoring_data_pipeline/lead_scoring_data_pipeline.py', '--cfg-path', '/tmp/tmp3slu3dfp', '--error-file', '/tmp/tmp32jb026q']
[2025-04-06 06:34:28,693] {standard_task_runner.py:80} INFO - Job 23: Subtask checking_model_inputs_schema
[2025-04-06 06:34:28,741] {task_command.py:371} INFO - Running <TaskInstance: Lead_Scoring_Data_Engineering_Pipeline.checking_model_inputs_schema scheduled__2025-04-05T00:00:00+00:00 [running]> on host c6537eab7989
[2025-04-06 06:34:28,798] {taskinstance.py:1589} INFO - Exporting the following env vars:
AIRFLOW_CTX_DAG_OWNER=airflow
AIRFLOW_CTX_DAG_ID=Lead_Scoring_Data_Engineering_Pipeline
AIRFLOW_CTX_TASK_ID=checking_model_inputs_schema
AIRFLOW_CTX_EXECUTION_DATE=2025-04-05T00:00:00+00:00
AIRFLOW_CTX_TRY_NUMBER=1
AIRFLOW_CTX_DAG_RUN_ID=scheduled__2025-04-05T00:00:00+00:00
[2025-04-06 06:34:29,362] {logging_mixin.py:115} INFO - Models input schema is in line with the schema present in schema.py
[2025-04-06 06:34:29,386] {python.py:173} INFO - Done. Returned value was: None
[2025-04-06 06:34:29,391] {taskinstance.py:1415} INFO - Marking task as SUCCESS. dag_id=Lead_Scoring_Data_Engineering_Pipeline, task_id=checking_model_inputs_schema, execution_date=20250405T000000, start_date=20250406T063428, end_date=20250406T063429
[2025-04-06 06:34:29,426] {local_task_job.py:156} INFO - Task exited with return code 0
[2025-04-06 06:34:29,467] {local_task_job.py:273} INFO - 0 downstream tasks scheduled from follow-on schedule check
