[2025-04-06 08:03:08,864] {taskinstance.py:1179} INFO - Dependencies all met for <TaskInstance: Lead_scoring_inference_pipeline.checking_input_features manual__2025-04-06T08:02:57.498516+00:00 [queued]>
[2025-04-06 08:03:08,868] {taskinstance.py:1179} INFO - Dependencies all met for <TaskInstance: Lead_scoring_inference_pipeline.checking_input_features manual__2025-04-06T08:02:57.498516+00:00 [queued]>
[2025-04-06 08:03:08,868] {taskinstance.py:1376} INFO - 
--------------------------------------------------------------------------------
[2025-04-06 08:03:08,868] {taskinstance.py:1377} INFO - Starting attempt 1 of 2
[2025-04-06 08:03:08,868] {taskinstance.py:1378} INFO - 
--------------------------------------------------------------------------------
[2025-04-06 08:03:08,887] {taskinstance.py:1397} INFO - Executing <Task(PythonOperator): checking_input_features> on 2025-04-06 08:02:57.498516+00:00
[2025-04-06 08:03:08,892] {standard_task_runner.py:52} INFO - Started process 14960 to run task
[2025-04-06 08:03:08,895] {standard_task_runner.py:79} INFO - Running: ['airflow', 'tasks', 'run', 'Lead_scoring_inference_pipeline', 'checking_input_features', 'manual__2025-04-06T08:02:57.498516+00:00', '--job-id', '49', '--raw', '--subdir', 'DAGS_FOLDER/Lead_scoring_inference_pipeline/.ipynb_checkpoints/lead_scoring_inference_pipeline-checkpoint.py', '--cfg-path', '/tmp/tmpbgjkk5ov', '--error-file', '/tmp/tmpjvj9mzlz']
[2025-04-06 08:03:08,896] {standard_task_runner.py:80} INFO - Job 49: Subtask checking_input_features
[2025-04-06 08:03:08,940] {task_command.py:371} INFO - Running <TaskInstance: Lead_scoring_inference_pipeline.checking_input_features manual__2025-04-06T08:02:57.498516+00:00 [running]> on host c6537eab7989
[2025-04-06 08:03:09,094] {taskinstance.py:1589} INFO - Exporting the following env vars:
AIRFLOW_CTX_DAG_OWNER=airflow
AIRFLOW_CTX_DAG_ID=Lead_scoring_inference_pipeline
AIRFLOW_CTX_TASK_ID=checking_input_features
AIRFLOW_CTX_EXECUTION_DATE=2025-04-06T08:02:57.498516+00:00
AIRFLOW_CTX_TRY_NUMBER=1
AIRFLOW_CTX_DAG_RUN_ID=manual__2025-04-06T08:02:57.498516+00:00
[2025-04-06 08:03:13,015] {logging_mixin.py:115} INFO - All the models input are present
[2025-04-06 08:03:13,016] {python.py:173} INFO - Done. Returned value was: None
[2025-04-06 08:03:13,021] {taskinstance.py:1415} INFO - Marking task as SUCCESS. dag_id=Lead_scoring_inference_pipeline, task_id=checking_input_features, execution_date=20250406T080257, start_date=20250406T080308, end_date=20250406T080313
[2025-04-06 08:03:13,082] {local_task_job.py:156} INFO - Task exited with return code 0
[2025-04-06 08:03:13,154] {local_task_job.py:273} INFO - 1 downstream tasks scheduled from follow-on schedule check
