[2025-04-06 06:32:17,489] {taskinstance.py:1179} INFO - Dependencies all met for <TaskInstance: Lead_Scoring_Data_Engineering_Pipeline.loading_data manual__2025-04-06T06:31:56.831498+00:00 [queued]>
[2025-04-06 06:32:17,494] {taskinstance.py:1179} INFO - Dependencies all met for <TaskInstance: Lead_Scoring_Data_Engineering_Pipeline.loading_data manual__2025-04-06T06:31:56.831498+00:00 [queued]>
[2025-04-06 06:32:17,494] {taskinstance.py:1376} INFO - 
--------------------------------------------------------------------------------
[2025-04-06 06:32:17,494] {taskinstance.py:1377} INFO - Starting attempt 1 of 2
[2025-04-06 06:32:17,494] {taskinstance.py:1378} INFO - 
--------------------------------------------------------------------------------
[2025-04-06 06:32:17,512] {taskinstance.py:1397} INFO - Executing <Task(PythonOperator): loading_data> on 2025-04-06 06:31:56.831498+00:00
[2025-04-06 06:32:17,516] {standard_task_runner.py:52} INFO - Started process 1470 to run task
[2025-04-06 06:32:17,519] {standard_task_runner.py:79} INFO - Running: ['airflow', 'tasks', 'run', 'Lead_Scoring_Data_Engineering_Pipeline', 'loading_data', 'manual__2025-04-06T06:31:56.831498+00:00', '--job-id', '16', '--raw', '--subdir', 'DAGS_FOLDER/Lead_scoring_data_pipeline/.ipynb_checkpoints/lead_scoring_data_pipeline-checkpoint.py', '--cfg-path', '/tmp/tmpshdxzbb0', '--error-file', '/tmp/tmpdxksh7_d']
[2025-04-06 06:32:17,520] {standard_task_runner.py:80} INFO - Job 16: Subtask loading_data
[2025-04-06 06:32:17,559] {task_command.py:371} INFO - Running <TaskInstance: Lead_Scoring_Data_Engineering_Pipeline.loading_data manual__2025-04-06T06:31:56.831498+00:00 [running]> on host c6537eab7989
[2025-04-06 06:32:17,609] {taskinstance.py:1589} INFO - Exporting the following env vars:
AIRFLOW_CTX_DAG_OWNER=airflow
AIRFLOW_CTX_DAG_ID=Lead_Scoring_Data_Engineering_Pipeline
AIRFLOW_CTX_TASK_ID=loading_data
AIRFLOW_CTX_EXECUTION_DATE=2025-04-06T06:31:56.831498+00:00
AIRFLOW_CTX_TRY_NUMBER=1
AIRFLOW_CTX_DAG_RUN_ID=manual__2025-04-06T06:31:56.831498+00:00
[2025-04-06 06:32:23,908] {python.py:173} INFO - Done. Returned value was: None
[2025-04-06 06:32:23,915] {taskinstance.py:1415} INFO - Marking task as SUCCESS. dag_id=Lead_Scoring_Data_Engineering_Pipeline, task_id=loading_data, execution_date=20250406T063156, start_date=20250406T063217, end_date=20250406T063223
[2025-04-06 06:32:23,968] {local_task_job.py:156} INFO - Task exited with return code 0
[2025-04-06 06:32:24,027] {local_task_job.py:273} INFO - 1 downstream tasks scheduled from follow-on schedule check
