[2025-04-06 08:21:39,711] {taskinstance.py:1179} INFO - Dependencies all met for <TaskInstance: Lead_scoring_inference_pipeline.checking_input_features manual__2025-04-06T08:21:26.996674+00:00 [queued]>
[2025-04-06 08:21:39,715] {taskinstance.py:1179} INFO - Dependencies all met for <TaskInstance: Lead_scoring_inference_pipeline.checking_input_features manual__2025-04-06T08:21:26.996674+00:00 [queued]>
[2025-04-06 08:21:39,715] {taskinstance.py:1376} INFO - 
--------------------------------------------------------------------------------
[2025-04-06 08:21:39,715] {taskinstance.py:1377} INFO - Starting attempt 1 of 2
[2025-04-06 08:21:39,715] {taskinstance.py:1378} INFO - 
--------------------------------------------------------------------------------
[2025-04-06 08:21:39,734] {taskinstance.py:1397} INFO - Executing <Task(PythonOperator): checking_input_features> on 2025-04-06 08:21:26.996674+00:00
[2025-04-06 08:21:39,739] {standard_task_runner.py:52} INFO - Started process 17315 to run task
[2025-04-06 08:21:39,742] {standard_task_runner.py:79} INFO - Running: ['airflow', 'tasks', 'run', 'Lead_scoring_inference_pipeline', 'checking_input_features', 'manual__2025-04-06T08:21:26.996674+00:00', '--job-id', '54', '--raw', '--subdir', 'DAGS_FOLDER/Lead_scoring_inference_pipeline/.ipynb_checkpoints/lead_scoring_inference_pipeline-checkpoint.py', '--cfg-path', '/tmp/tmpg5dd3q2f', '--error-file', '/tmp/tmp_xehrcsf']
[2025-04-06 08:21:39,743] {standard_task_runner.py:80} INFO - Job 54: Subtask checking_input_features
[2025-04-06 08:21:39,781] {task_command.py:371} INFO - Running <TaskInstance: Lead_scoring_inference_pipeline.checking_input_features manual__2025-04-06T08:21:26.996674+00:00 [running]> on host c6537eab7989
[2025-04-06 08:21:39,938] {taskinstance.py:1589} INFO - Exporting the following env vars:
AIRFLOW_CTX_DAG_OWNER=airflow
AIRFLOW_CTX_DAG_ID=Lead_scoring_inference_pipeline
AIRFLOW_CTX_TASK_ID=checking_input_features
AIRFLOW_CTX_EXECUTION_DATE=2025-04-06T08:21:26.996674+00:00
AIRFLOW_CTX_TRY_NUMBER=1
AIRFLOW_CTX_DAG_RUN_ID=manual__2025-04-06T08:21:26.996674+00:00
[2025-04-06 08:21:43,778] {logging_mixin.py:115} INFO - All the models input are present
[2025-04-06 08:21:43,780] {python.py:173} INFO - Done. Returned value was: None
[2025-04-06 08:21:43,785] {taskinstance.py:1415} INFO - Marking task as SUCCESS. dag_id=Lead_scoring_inference_pipeline, task_id=checking_input_features, execution_date=20250406T082126, start_date=20250406T082139, end_date=20250406T082143
[2025-04-06 08:21:43,849] {local_task_job.py:156} INFO - Task exited with return code 0
[2025-04-06 08:21:43,921] {local_task_job.py:273} INFO - 1 downstream tasks scheduled from follow-on schedule check
