[2025-04-06 06:32:03,515] {taskinstance.py:1179} INFO - Dependencies all met for <TaskInstance: Lead_Scoring_Data_Engineering_Pipeline.checking_raw_data_schema scheduled__2025-04-05T00:00:00+00:00 [queued]>
[2025-04-06 06:32:03,520] {taskinstance.py:1179} INFO - Dependencies all met for <TaskInstance: Lead_Scoring_Data_Engineering_Pipeline.checking_raw_data_schema scheduled__2025-04-05T00:00:00+00:00 [queued]>
[2025-04-06 06:32:03,520] {taskinstance.py:1376} INFO - 
--------------------------------------------------------------------------------
[2025-04-06 06:32:03,520] {taskinstance.py:1377} INFO - Starting attempt 1 of 2
[2025-04-06 06:32:03,520] {taskinstance.py:1378} INFO - 
--------------------------------------------------------------------------------
[2025-04-06 06:32:03,539] {taskinstance.py:1397} INFO - Executing <Task(PythonOperator): checking_raw_data_schema> on 2025-04-05 00:00:00+00:00
[2025-04-06 06:32:03,544] {standard_task_runner.py:52} INFO - Started process 1418 to run task
[2025-04-06 06:32:03,547] {standard_task_runner.py:79} INFO - Running: ['airflow', 'tasks', 'run', 'Lead_Scoring_Data_Engineering_Pipeline', 'checking_raw_data_schema', 'scheduled__2025-04-05T00:00:00+00:00', '--job-id', '13', '--raw', '--subdir', 'DAGS_FOLDER/Lead_scoring_data_pipeline/.ipynb_checkpoints/lead_scoring_data_pipeline-checkpoint.py', '--cfg-path', '/tmp/tmpquynyfak', '--error-file', '/tmp/tmpax8z6i3l']
[2025-04-06 06:32:03,548] {standard_task_runner.py:80} INFO - Job 13: Subtask checking_raw_data_schema
[2025-04-06 06:32:03,597] {task_command.py:371} INFO - Running <TaskInstance: Lead_Scoring_Data_Engineering_Pipeline.checking_raw_data_schema scheduled__2025-04-05T00:00:00+00:00 [running]> on host c6537eab7989
[2025-04-06 06:32:03,660] {taskinstance.py:1589} INFO - Exporting the following env vars:
AIRFLOW_CTX_DAG_OWNER=airflow
AIRFLOW_CTX_DAG_ID=Lead_Scoring_Data_Engineering_Pipeline
AIRFLOW_CTX_TASK_ID=checking_raw_data_schema
AIRFLOW_CTX_EXECUTION_DATE=2025-04-05T00:00:00+00:00
AIRFLOW_CTX_TRY_NUMBER=1
AIRFLOW_CTX_DAG_RUN_ID=scheduled__2025-04-05T00:00:00+00:00
[2025-04-06 06:32:04,636] {logging_mixin.py:115} INFO - Raw datas schema is in line with the schema present in schema.py
[2025-04-06 06:32:04,645] {python.py:173} INFO - Done. Returned value was: None
[2025-04-06 06:32:04,651] {taskinstance.py:1415} INFO - Marking task as SUCCESS. dag_id=Lead_Scoring_Data_Engineering_Pipeline, task_id=checking_raw_data_schema, execution_date=20250405T000000, start_date=20250406T063203, end_date=20250406T063204
[2025-04-06 06:32:04,681] {local_task_job.py:156} INFO - Task exited with return code 0
[2025-04-06 06:32:04,753] {local_task_job.py:273} INFO - 1 downstream tasks scheduled from follow-on schedule check
