[2025-04-06 07:32:59,957] {taskinstance.py:1179} INFO - Dependencies all met for <TaskInstance: Lead_scoring_training_pipeline.training_model manual__2025-04-06T07:32:45.931104+00:00 [queued]>
[2025-04-06 07:32:59,961] {taskinstance.py:1179} INFO - Dependencies all met for <TaskInstance: Lead_scoring_training_pipeline.training_model manual__2025-04-06T07:32:45.931104+00:00 [queued]>
[2025-04-06 07:32:59,961] {taskinstance.py:1376} INFO - 
--------------------------------------------------------------------------------
[2025-04-06 07:32:59,962] {taskinstance.py:1377} INFO - Starting attempt 1 of 2
[2025-04-06 07:32:59,962] {taskinstance.py:1378} INFO - 
--------------------------------------------------------------------------------
[2025-04-06 07:32:59,990] {taskinstance.py:1397} INFO - Executing <Task(PythonOperator): training_model> on 2025-04-06 07:32:45.931104+00:00
[2025-04-06 07:32:59,999] {standard_task_runner.py:52} INFO - Started process 11084 to run task
[2025-04-06 07:33:00,003] {standard_task_runner.py:79} INFO - Running: ['airflow', 'tasks', 'run', 'Lead_scoring_training_pipeline', 'training_model', 'manual__2025-04-06T07:32:45.931104+00:00', '--job-id', '41', '--raw', '--subdir', 'DAGS_FOLDER/Lead_scoring_training_pipeline/.ipynb_checkpoints/lead_scoring_training_pipeline-checkpoint.py', '--cfg-path', '/tmp/tmp7xrmyvbm', '--error-file', '/tmp/tmppyq2_vsf']
[2025-04-06 07:33:00,003] {standard_task_runner.py:80} INFO - Job 41: Subtask training_model
[2025-04-06 07:33:00,061] {task_command.py:371} INFO - Running <TaskInstance: Lead_scoring_training_pipeline.training_model manual__2025-04-06T07:32:45.931104+00:00 [running]> on host c6537eab7989
[2025-04-06 07:33:00,122] {taskinstance.py:1589} INFO - Exporting the following env vars:
AIRFLOW_CTX_DAG_OWNER=airflow
AIRFLOW_CTX_DAG_ID=Lead_scoring_training_pipeline
AIRFLOW_CTX_TASK_ID=training_model
AIRFLOW_CTX_EXECUTION_DATE=2025-04-06T07:32:45.931104+00:00
AIRFLOW_CTX_TRY_NUMBER=1
AIRFLOW_CTX_DAG_RUN_ID=manual__2025-04-06T07:32:45.931104+00:00
[2025-04-06 07:33:04,419] {logging_mixin.py:115} WARNING - /opt/conda/lib/python3.8/site-packages/sklearn/utils/validation.py:72 DataConversionWarning: A column-vector y was passed when a 1d array was expected. Please change the shape of y to (n_samples, ), for example using ravel().
[2025-04-06 07:33:04,499] {logging_mixin.py:115} INFO - [LightGBM] [Warning] bagging_fraction is set=0.887437593014418, subsample=1.0 will be ignored. Current value: bagging_fraction=0.887437593014418
[2025-04-06 07:33:04,499] {logging_mixin.py:115} INFO - [LightGBM] [Warning] feature_fraction is set=0.7588282465072769, colsample_bytree=1.0 will be ignored. Current value: feature_fraction=0.7588282465072769
[2025-04-06 07:33:04,499] {logging_mixin.py:115} INFO - [LightGBM] [Warning] bagging_freq is set=1, subsample_freq=0 will be ignored. Current value: bagging_freq=1
[2025-04-06 07:33:08,720] {logging_mixin.py:115} WARNING - Registered model 'LightGBM' already exists. Creating a new version of this model...
[2025-04-06 07:33:08,775] {logging_mixin.py:115} WARNING - 2025/04/06 07:33:08 INFO mlflow.tracking._model_registry.client: Waiting up to 300 seconds for model version to finish creation.                     Model name: LightGBM, version 2
[2025-04-06 07:33:08,775] {logging_mixin.py:115} WARNING - Created version '2' of model 'LightGBM'.
[2025-04-06 07:33:09,101] {python.py:173} INFO - Done. Returned value was: None
[2025-04-06 07:33:09,108] {taskinstance.py:1415} INFO - Marking task as SUCCESS. dag_id=Lead_scoring_training_pipeline, task_id=training_model, execution_date=20250406T073245, start_date=20250406T073259, end_date=20250406T073309
[2025-04-06 07:33:09,153] {local_task_job.py:156} INFO - Task exited with return code 0
[2025-04-06 07:33:09,162] {local_task_job.py:273} INFO - 0 downstream tasks scheduled from follow-on schedule check
