[2025-04-06 06:34:31,076] {taskinstance.py:1179} INFO - Dependencies all met for <TaskInstance: Lead_Scoring_Data_Engineering_Pipeline.checking_model_inputs_schema manual__2025-04-06T06:31:56.831498+00:00 [queued]>
[2025-04-06 06:34:31,081] {taskinstance.py:1179} INFO - Dependencies all met for <TaskInstance: Lead_Scoring_Data_Engineering_Pipeline.checking_model_inputs_schema manual__2025-04-06T06:31:56.831498+00:00 [queued]>
[2025-04-06 06:34:31,081] {taskinstance.py:1376} INFO - 
--------------------------------------------------------------------------------
[2025-04-06 06:34:31,081] {taskinstance.py:1377} INFO - Starting attempt 1 of 2
[2025-04-06 06:34:31,081] {taskinstance.py:1378} INFO - 
--------------------------------------------------------------------------------
[2025-04-06 06:34:31,103] {taskinstance.py:1397} INFO - Executing <Task(PythonOperator): checking_model_inputs_schema> on 2025-04-06 06:31:56.831498+00:00
[2025-04-06 06:34:31,108] {standard_task_runner.py:52} INFO - Started process 1644 to run task
[2025-04-06 06:34:31,111] {standard_task_runner.py:79} INFO - Running: ['airflow', 'tasks', 'run', 'Lead_Scoring_Data_Engineering_Pipeline', 'checking_model_inputs_schema', 'manual__2025-04-06T06:31:56.831498+00:00', '--job-id', '24', '--raw', '--subdir', 'DAGS_FOLDER/Lead_scoring_data_pipeline/lead_scoring_data_pipeline.py', '--cfg-path', '/tmp/tmpwsq2k_02', '--error-file', '/tmp/tmpmdfm0dqe']
[2025-04-06 06:34:31,111] {standard_task_runner.py:80} INFO - Job 24: Subtask checking_model_inputs_schema
[2025-04-06 06:34:31,167] {task_command.py:371} INFO - Running <TaskInstance: Lead_Scoring_Data_Engineering_Pipeline.checking_model_inputs_schema manual__2025-04-06T06:31:56.831498+00:00 [running]> on host c6537eab7989
[2025-04-06 06:34:31,221] {taskinstance.py:1589} INFO - Exporting the following env vars:
AIRFLOW_CTX_DAG_OWNER=airflow
AIRFLOW_CTX_DAG_ID=Lead_Scoring_Data_Engineering_Pipeline
AIRFLOW_CTX_TASK_ID=checking_model_inputs_schema
AIRFLOW_CTX_EXECUTION_DATE=2025-04-06T06:31:56.831498+00:00
AIRFLOW_CTX_TRY_NUMBER=1
AIRFLOW_CTX_DAG_RUN_ID=manual__2025-04-06T06:31:56.831498+00:00
[2025-04-06 06:34:31,783] {logging_mixin.py:115} INFO - Models input schema is in line with the schema present in schema.py
[2025-04-06 06:34:31,808] {python.py:173} INFO - Done. Returned value was: None
[2025-04-06 06:34:31,813] {taskinstance.py:1415} INFO - Marking task as SUCCESS. dag_id=Lead_Scoring_Data_Engineering_Pipeline, task_id=checking_model_inputs_schema, execution_date=20250406T063156, start_date=20250406T063431, end_date=20250406T063431
[2025-04-06 06:34:31,844] {local_task_job.py:156} INFO - Task exited with return code 0
[2025-04-06 06:34:31,886] {local_task_job.py:273} INFO - 0 downstream tasks scheduled from follow-on schedule check
