[2025-04-06 06:33:22,564] {taskinstance.py:1179} INFO - Dependencies all met for <TaskInstance: Lead_Scoring_Data_Engineering_Pipeline.mapping_interactions scheduled__2025-04-05T00:00:00+00:00 [queued]>
[2025-04-06 06:33:22,570] {taskinstance.py:1179} INFO - Dependencies all met for <TaskInstance: Lead_Scoring_Data_Engineering_Pipeline.mapping_interactions scheduled__2025-04-05T00:00:00+00:00 [queued]>
[2025-04-06 06:33:22,570] {taskinstance.py:1376} INFO - 
--------------------------------------------------------------------------------
[2025-04-06 06:33:22,570] {taskinstance.py:1377} INFO - Starting attempt 1 of 2
[2025-04-06 06:33:22,570] {taskinstance.py:1378} INFO - 
--------------------------------------------------------------------------------
[2025-04-06 06:33:22,589] {taskinstance.py:1397} INFO - Executing <Task(PythonOperator): mapping_interactions> on 2025-04-05 00:00:00+00:00
[2025-04-06 06:33:22,594] {standard_task_runner.py:52} INFO - Started process 1583 to run task
[2025-04-06 06:33:22,597] {standard_task_runner.py:79} INFO - Running: ['airflow', 'tasks', 'run', 'Lead_Scoring_Data_Engineering_Pipeline', 'mapping_interactions', 'scheduled__2025-04-05T00:00:00+00:00', '--job-id', '21', '--raw', '--subdir', 'DAGS_FOLDER/Lead_scoring_data_pipeline/.ipynb_checkpoints/lead_scoring_data_pipeline-checkpoint.py', '--cfg-path', '/tmp/tmp727oe_ab', '--error-file', '/tmp/tmplr2hdlir']
[2025-04-06 06:33:22,598] {standard_task_runner.py:80} INFO - Job 21: Subtask mapping_interactions
[2025-04-06 06:33:22,647] {task_command.py:371} INFO - Running <TaskInstance: Lead_Scoring_Data_Engineering_Pipeline.mapping_interactions scheduled__2025-04-05T00:00:00+00:00 [running]> on host c6537eab7989
[2025-04-06 06:33:22,700] {taskinstance.py:1589} INFO - Exporting the following env vars:
AIRFLOW_CTX_DAG_OWNER=airflow
AIRFLOW_CTX_DAG_ID=Lead_Scoring_Data_Engineering_Pipeline
AIRFLOW_CTX_TASK_ID=mapping_interactions
AIRFLOW_CTX_EXECUTION_DATE=2025-04-05T00:00:00+00:00
AIRFLOW_CTX_TRY_NUMBER=1
AIRFLOW_CTX_DAG_RUN_ID=scheduled__2025-04-05T00:00:00+00:00
[2025-04-06 06:33:53,498] {python.py:173} INFO - Done. Returned value was: None
[2025-04-06 06:33:53,504] {taskinstance.py:1415} INFO - Marking task as SUCCESS. dag_id=Lead_Scoring_Data_Engineering_Pipeline, task_id=mapping_interactions, execution_date=20250405T000000, start_date=20250406T063322, end_date=20250406T063353
[2025-04-06 06:33:53,555] {local_task_job.py:156} INFO - Task exited with return code 0
[2025-04-06 06:33:53,602] {local_task_job.py:273} INFO - 1 downstream tasks scheduled from follow-on schedule check
