[2025-04-06 08:47:23,046] {taskinstance.py:1179} INFO - Dependencies all met for <TaskInstance: Lead_Scoring_Data_Engineering_Pipeline.building_db manual__2025-04-06T08:47:20.760699+00:00 [queued]>
[2025-04-06 08:47:23,050] {taskinstance.py:1179} INFO - Dependencies all met for <TaskInstance: Lead_Scoring_Data_Engineering_Pipeline.building_db manual__2025-04-06T08:47:20.760699+00:00 [queued]>
[2025-04-06 08:47:23,050] {taskinstance.py:1376} INFO - 
--------------------------------------------------------------------------------
[2025-04-06 08:47:23,050] {taskinstance.py:1377} INFO - Starting attempt 1 of 2
[2025-04-06 08:47:23,050] {taskinstance.py:1378} INFO - 
--------------------------------------------------------------------------------
[2025-04-06 08:47:23,068] {taskinstance.py:1397} INFO - Executing <Task(PythonOperator): building_db> on 2025-04-06 08:47:20.760699+00:00
[2025-04-06 08:47:23,073] {standard_task_runner.py:52} INFO - Started process 20505 to run task
[2025-04-06 08:47:23,076] {standard_task_runner.py:79} INFO - Running: ['airflow', 'tasks', 'run', 'Lead_Scoring_Data_Engineering_Pipeline', 'building_db', 'manual__2025-04-06T08:47:20.760699+00:00', '--job-id', '57', '--raw', '--subdir', 'DAGS_FOLDER/Lead_scoring_data_pipeline/.ipynb_checkpoints/lead_scoring_data_pipeline-checkpoint.py', '--cfg-path', '/tmp/tmpr9lg02oo', '--error-file', '/tmp/tmp3ohuwehs']
[2025-04-06 08:47:23,077] {standard_task_runner.py:80} INFO - Job 57: Subtask building_db
[2025-04-06 08:47:23,131] {task_command.py:371} INFO - Running <TaskInstance: Lead_Scoring_Data_Engineering_Pipeline.building_db manual__2025-04-06T08:47:20.760699+00:00 [running]> on host c6537eab7989
[2025-04-06 08:47:23,190] {taskinstance.py:1589} INFO - Exporting the following env vars:
AIRFLOW_CTX_DAG_OWNER=airflow
AIRFLOW_CTX_DAG_ID=Lead_Scoring_Data_Engineering_Pipeline
AIRFLOW_CTX_TASK_ID=building_db
AIRFLOW_CTX_EXECUTION_DATE=2025-04-06T08:47:20.760699+00:00
AIRFLOW_CTX_TRY_NUMBER=1
AIRFLOW_CTX_DAG_RUN_ID=manual__2025-04-06T08:47:20.760699+00:00
[2025-04-06 08:47:23,191] {logging_mixin.py:115} INFO - Creating Database
[2025-04-06 08:47:23,191] {logging_mixin.py:115} INFO - New DB Created
[2025-04-06 08:47:23,191] {python.py:173} INFO - Done. Returned value was: DB Created
[2025-04-06 08:47:23,210] {taskinstance.py:1415} INFO - Marking task as SUCCESS. dag_id=Lead_Scoring_Data_Engineering_Pipeline, task_id=building_db, execution_date=20250406T084720, start_date=20250406T084723, end_date=20250406T084723
[2025-04-06 08:47:23,247] {local_task_job.py:156} INFO - Task exited with return code 0
[2025-04-06 08:47:23,301] {local_task_job.py:273} INFO - 1 downstream tasks scheduled from follow-on schedule check
