[2025-04-06 06:32:39,892] {taskinstance.py:1179} INFO - Dependencies all met for <TaskInstance: Lead_Scoring_Data_Engineering_Pipeline.mapping_city_tier manual__2025-04-06T06:31:56.831498+00:00 [queued]>
[2025-04-06 06:32:39,896] {taskinstance.py:1179} INFO - Dependencies all met for <TaskInstance: Lead_Scoring_Data_Engineering_Pipeline.mapping_city_tier manual__2025-04-06T06:31:56.831498+00:00 [queued]>
[2025-04-06 06:32:39,897] {taskinstance.py:1376} INFO - 
--------------------------------------------------------------------------------
[2025-04-06 06:32:39,897] {taskinstance.py:1377} INFO - Starting attempt 1 of 2
[2025-04-06 06:32:39,897] {taskinstance.py:1378} INFO - 
--------------------------------------------------------------------------------
[2025-04-06 06:32:39,916] {taskinstance.py:1397} INFO - Executing <Task(PythonOperator): mapping_city_tier> on 2025-04-06 06:31:56.831498+00:00
[2025-04-06 06:32:39,920] {standard_task_runner.py:52} INFO - Started process 1513 to run task
[2025-04-06 06:32:39,923] {standard_task_runner.py:79} INFO - Running: ['airflow', 'tasks', 'run', 'Lead_Scoring_Data_Engineering_Pipeline', 'mapping_city_tier', 'manual__2025-04-06T06:31:56.831498+00:00', '--job-id', '18', '--raw', '--subdir', 'DAGS_FOLDER/Lead_scoring_data_pipeline/lead_scoring_data_pipeline.py', '--cfg-path', '/tmp/tmp_akdl7mu', '--error-file', '/tmp/tmp4l8vzbf2']
[2025-04-06 06:32:39,924] {standard_task_runner.py:80} INFO - Job 18: Subtask mapping_city_tier
[2025-04-06 06:32:39,965] {task_command.py:371} INFO - Running <TaskInstance: Lead_Scoring_Data_Engineering_Pipeline.mapping_city_tier manual__2025-04-06T06:31:56.831498+00:00 [running]> on host c6537eab7989
[2025-04-06 06:32:40,017] {taskinstance.py:1589} INFO - Exporting the following env vars:
AIRFLOW_CTX_DAG_OWNER=airflow
AIRFLOW_CTX_DAG_ID=Lead_Scoring_Data_Engineering_Pipeline
AIRFLOW_CTX_TASK_ID=mapping_city_tier
AIRFLOW_CTX_EXECUTION_DATE=2025-04-06T06:31:56.831498+00:00
AIRFLOW_CTX_TRY_NUMBER=1
AIRFLOW_CTX_DAG_RUN_ID=manual__2025-04-06T06:31:56.831498+00:00
[2025-04-06 06:32:50,134] {python.py:173} INFO - Done. Returned value was: None
[2025-04-06 06:32:50,140] {taskinstance.py:1415} INFO - Marking task as SUCCESS. dag_id=Lead_Scoring_Data_Engineering_Pipeline, task_id=mapping_city_tier, execution_date=20250406T063156, start_date=20250406T063239, end_date=20250406T063250
[2025-04-06 06:32:50,193] {local_task_job.py:156} INFO - Task exited with return code 0
[2025-04-06 06:32:50,259] {local_task_job.py:273} INFO - 1 downstream tasks scheduled from follow-on schedule check
