[2025-04-06 08:47:29,872] {taskinstance.py:1179} INFO - Dependencies all met for <TaskInstance: Lead_Scoring_Data_Engineering_Pipeline.loading_data manual__2025-04-06T08:47:20.760699+00:00 [queued]>
[2025-04-06 08:47:29,876] {taskinstance.py:1179} INFO - Dependencies all met for <TaskInstance: Lead_Scoring_Data_Engineering_Pipeline.loading_data manual__2025-04-06T08:47:20.760699+00:00 [queued]>
[2025-04-06 08:47:29,876] {taskinstance.py:1376} INFO - 
--------------------------------------------------------------------------------
[2025-04-06 08:47:29,876] {taskinstance.py:1377} INFO - Starting attempt 1 of 2
[2025-04-06 08:47:29,876] {taskinstance.py:1378} INFO - 
--------------------------------------------------------------------------------
[2025-04-06 08:47:29,895] {taskinstance.py:1397} INFO - Executing <Task(PythonOperator): loading_data> on 2025-04-06 08:47:20.760699+00:00
[2025-04-06 08:47:29,899] {standard_task_runner.py:52} INFO - Started process 20557 to run task
[2025-04-06 08:47:29,902] {standard_task_runner.py:79} INFO - Running: ['airflow', 'tasks', 'run', 'Lead_Scoring_Data_Engineering_Pipeline', 'loading_data', 'manual__2025-04-06T08:47:20.760699+00:00', '--job-id', '59', '--raw', '--subdir', 'DAGS_FOLDER/Lead_scoring_data_pipeline/.ipynb_checkpoints/lead_scoring_data_pipeline-checkpoint.py', '--cfg-path', '/tmp/tmpyqdwqe6e', '--error-file', '/tmp/tmpq88joi7z']
[2025-04-06 08:47:29,902] {standard_task_runner.py:80} INFO - Job 59: Subtask loading_data
[2025-04-06 08:47:29,941] {task_command.py:371} INFO - Running <TaskInstance: Lead_Scoring_Data_Engineering_Pipeline.loading_data manual__2025-04-06T08:47:20.760699+00:00 [running]> on host c6537eab7989
[2025-04-06 08:47:29,994] {taskinstance.py:1589} INFO - Exporting the following env vars:
AIRFLOW_CTX_DAG_OWNER=airflow
AIRFLOW_CTX_DAG_ID=Lead_Scoring_Data_Engineering_Pipeline
AIRFLOW_CTX_TASK_ID=loading_data
AIRFLOW_CTX_EXECUTION_DATE=2025-04-06T08:47:20.760699+00:00
AIRFLOW_CTX_TRY_NUMBER=1
AIRFLOW_CTX_DAG_RUN_ID=manual__2025-04-06T08:47:20.760699+00:00
[2025-04-06 08:47:30,732] {python.py:173} INFO - Done. Returned value was: None
[2025-04-06 08:47:30,740] {taskinstance.py:1415} INFO - Marking task as SUCCESS. dag_id=Lead_Scoring_Data_Engineering_Pipeline, task_id=loading_data, execution_date=20250406T084720, start_date=20250406T084729, end_date=20250406T084730
[2025-04-06 08:47:30,796] {local_task_job.py:156} INFO - Task exited with return code 0
[2025-04-06 08:47:30,869] {local_task_job.py:273} INFO - 1 downstream tasks scheduled from follow-on schedule check
