[2025-04-06 06:32:09,152] {taskinstance.py:1179} INFO - Dependencies all met for <TaskInstance: Lead_Scoring_Data_Engineering_Pipeline.loading_data scheduled__2025-04-05T00:00:00+00:00 [queued]>
[2025-04-06 06:32:09,157] {taskinstance.py:1179} INFO - Dependencies all met for <TaskInstance: Lead_Scoring_Data_Engineering_Pipeline.loading_data scheduled__2025-04-05T00:00:00+00:00 [queued]>
[2025-04-06 06:32:09,157] {taskinstance.py:1376} INFO - 
--------------------------------------------------------------------------------
[2025-04-06 06:32:09,157] {taskinstance.py:1377} INFO - Starting attempt 1 of 2
[2025-04-06 06:32:09,157] {taskinstance.py:1378} INFO - 
--------------------------------------------------------------------------------
[2025-04-06 06:32:09,176] {taskinstance.py:1397} INFO - Executing <Task(PythonOperator): loading_data> on 2025-04-05 00:00:00+00:00
[2025-04-06 06:32:09,180] {standard_task_runner.py:52} INFO - Started process 1453 to run task
[2025-04-06 06:32:09,184] {standard_task_runner.py:79} INFO - Running: ['airflow', 'tasks', 'run', 'Lead_Scoring_Data_Engineering_Pipeline', 'loading_data', 'scheduled__2025-04-05T00:00:00+00:00', '--job-id', '15', '--raw', '--subdir', 'DAGS_FOLDER/Lead_scoring_data_pipeline/.ipynb_checkpoints/lead_scoring_data_pipeline-checkpoint.py', '--cfg-path', '/tmp/tmptodb3xck', '--error-file', '/tmp/tmpx0wbod9o']
[2025-04-06 06:32:09,185] {standard_task_runner.py:80} INFO - Job 15: Subtask loading_data
[2025-04-06 06:32:09,234] {task_command.py:371} INFO - Running <TaskInstance: Lead_Scoring_Data_Engineering_Pipeline.loading_data scheduled__2025-04-05T00:00:00+00:00 [running]> on host c6537eab7989
[2025-04-06 06:32:09,286] {taskinstance.py:1589} INFO - Exporting the following env vars:
AIRFLOW_CTX_DAG_OWNER=airflow
AIRFLOW_CTX_DAG_ID=Lead_Scoring_Data_Engineering_Pipeline
AIRFLOW_CTX_TASK_ID=loading_data
AIRFLOW_CTX_EXECUTION_DATE=2025-04-05T00:00:00+00:00
AIRFLOW_CTX_TRY_NUMBER=1
AIRFLOW_CTX_DAG_RUN_ID=scheduled__2025-04-05T00:00:00+00:00
[2025-04-06 06:32:15,707] {python.py:173} INFO - Done. Returned value was: None
[2025-04-06 06:32:15,713] {taskinstance.py:1415} INFO - Marking task as SUCCESS. dag_id=Lead_Scoring_Data_Engineering_Pipeline, task_id=loading_data, execution_date=20250405T000000, start_date=20250406T063209, end_date=20250406T063215
[2025-04-06 06:32:15,752] {local_task_job.py:156} INFO - Task exited with return code 0
[2025-04-06 06:32:15,816] {local_task_job.py:273} INFO - 1 downstream tasks scheduled from follow-on schedule check
